0 info it worked if it ends with ok
1 verbose cli [ 'C:\\Program Files\\nodejs\\\\node.exe',
1 verbose cli   'C:\\Program Files\\nodejs\\node_modules\\npm\\bin\\npm-cli.js',
1 verbose cli   'install' ]
2 info using npm@1.4.28
3 info using node@v0.10.32
4 verbose node symlink C:\Program Files\nodejs\\node.exe
5 verbose readDependencies using package.json deps
6 verbose install where, deps [ 'C:\\Users\\Kevin\\Desktop\\Project\\project2\\syncnstudy',
6 verbose install   [ 'bower',
6 verbose install     'coffee-script',
6 verbose install     'connect-history-api-fallback',
6 verbose install     'jade',
6 verbose install     'lodash',
6 verbose install     'run-sequence',
6 verbose install     'gulp',
6 verbose install     'gulp-angular-templatecache',
6 verbose install     'gulp-clean',
6 verbose install     'gulp-coffee',
6 verbose install     'gulp-concat',
6 verbose install     'gulp-gh-pages',
6 verbose install     'gulp-jade',
6 verbose install     'gulp-less',
6 verbose install     'gulp-plug',
6 verbose install     'gulp-util',
6 verbose install     'gulp-webserver',
6 verbose install     'webdriver-manager' ] ]
7 info preinstall angular-github-pages@0.0.0
8 verbose readDependencies using package.json deps
9 verbose already installed skipping bower@1.3.x C:\Users\Kevin\Desktop\Project\project2\syncnstudy
10 verbose already installed skipping coffee-script@1.7.x C:\Users\Kevin\Desktop\Project\project2\syncnstudy
11 verbose already installed skipping connect-history-api-fallback@0.0.4 C:\Users\Kevin\Desktop\Project\project2\syncnstudy
12 verbose already installed skipping jade@1.3.x C:\Users\Kevin\Desktop\Project\project2\syncnstudy
13 verbose already installed skipping lodash@2.4.x C:\Users\Kevin\Desktop\Project\project2\syncnstudy
14 verbose already installed skipping run-sequence@0.3.x C:\Users\Kevin\Desktop\Project\project2\syncnstudy
15 verbose already installed skipping gulp@3.6.x C:\Users\Kevin\Desktop\Project\project2\syncnstudy
16 verbose already installed skipping gulp-angular-templatecache@1.1.x C:\Users\Kevin\Desktop\Project\project2\syncnstudy
17 verbose already installed skipping gulp-clean@0.2.x C:\Users\Kevin\Desktop\Project\project2\syncnstudy
18 verbose already installed skipping gulp-coffee@1.4.x C:\Users\Kevin\Desktop\Project\project2\syncnstudy
19 verbose already installed skipping gulp-concat@2.1.x C:\Users\Kevin\Desktop\Project\project2\syncnstudy
20 verbose already installed skipping gulp-gh-pages@^0.3.3 C:\Users\Kevin\Desktop\Project\project2\syncnstudy
21 verbose already installed skipping gulp-jade@0.4.x C:\Users\Kevin\Desktop\Project\project2\syncnstudy
22 verbose already installed skipping gulp-less@1.2.x C:\Users\Kevin\Desktop\Project\project2\syncnstudy
23 verbose already installed skipping gulp-plug@^0.2.4 C:\Users\Kevin\Desktop\Project\project2\syncnstudy
24 verbose already installed skipping gulp-util@2.2.x C:\Users\Kevin\Desktop\Project\project2\syncnstudy
25 verbose already installed skipping gulp-webserver@^0.3.4 C:\Users\Kevin\Desktop\Project\project2\syncnstudy
26 verbose already installed skipping webdriver-manager@0.0.4 C:\Users\Kevin\Desktop\Project\project2\syncnstudy
27 silly resolved []
28 info build C:\Users\Kevin\Desktop\Project\project2\syncnstudy
29 verbose linkStuff [ false,
29 verbose linkStuff   false,
29 verbose linkStuff   false,
29 verbose linkStuff   'C:\\Users\\Kevin\\Desktop\\Project\\project2' ]
30 info linkStuff angular-github-pages@0.0.0
31 verbose linkBins angular-github-pages@0.0.0
32 verbose linkMans angular-github-pages@0.0.0
33 verbose rebuildBundles angular-github-pages@0.0.0
34 verbose rebuildBundles [ '.bin',
34 verbose rebuildBundles   'bower',
34 verbose rebuildBundles   'coffee-script',
34 verbose rebuildBundles   'connect-history-api-fallback',
34 verbose rebuildBundles   'gulp',
34 verbose rebuildBundles   'gulp-angular-templatecache',
34 verbose rebuildBundles   'gulp-clean',
34 verbose rebuildBundles   'gulp-coffee',
34 verbose rebuildBundles   'gulp-concat',
34 verbose rebuildBundles   'gulp-gh-pages',
34 verbose rebuildBundles   'gulp-jade',
34 verbose rebuildBundles   'gulp-less',
34 verbose rebuildBundles   'gulp-plug',
34 verbose rebuildBundles   'gulp-util',
34 verbose rebuildBundles   'gulp-webserver',
34 verbose rebuildBundles   'jade',
34 verbose rebuildBundles   'lodash',
34 verbose rebuildBundles   'run-sequence',
34 verbose rebuildBundles   'webdriver-manager' ]
35 info install angular-github-pages@0.0.0
36 info postinstall angular-github-pages@0.0.0
37 verbose unsafe-perm in lifecycle true
38 info angular-github-pages@0.0.0 Failed to exec postinstall script
39 error angular-github-pages@0.0.0 postinstall: `bower install | xargs echo && gulp build`
39 error Exit status 8
40 error Failed at the angular-github-pages@0.0.0 postinstall script.
40 error This is most likely a problem with the angular-github-pages package,
40 error not with npm itself.
40 error Tell the author that this fails on your system:
40 error     bower install | xargs echo && gulp build
40 error You can get their info via:
40 error     npm owner ls angular-github-pages
40 error There is likely additional logging output above.
41 error System Windows_NT 6.1.7601
42 error command "C:\\Program Files\\nodejs\\\\node.exe" "C:\\Program Files\\nodejs\\node_modules\\npm\\bin\\npm-cli.js" "install"
43 error cwd C:\Users\Kevin\Desktop\Project\project2\syncnstudy
44 error node -v v0.10.32
45 error npm -v 1.4.28
46 error code ELIFECYCLE
47 verbose exit [ 1, true ]
